# JRE version: OpenJDK Runtime Environment (16.0.1+9) (build 16.0.1+9-24)
# Java VM: OpenJDK 64-Bit Server VM (16.0.1+9-24, mixed mode, tiered, compressed oops, compressed class ptrs, g1 gc, windows-amd64)
GC Precious Log:
 CPUs: 4 total, 4 available
 Memory: 12185M
 Large Page Support: Disabled
 NUMA Support: Disabled
 Compressed Oops: Enabled (Zero based)
 Heap Region Size: 2M
 Heap Min Capacity: 8M
 Heap Initial Capacity: 192M
 Heap Max Capacity: 3048M
 Pre-touch: Disabled
 Parallel Workers: 4
 Concurrent Workers: 1
 Concurrent Refinement Workers: 4
 Periodic GC: Disabled
Heap:
 garbage-first heap   total 112640K, used 57814K [0x0000000741800000, 0x0000000800000000)
  region size 2048K, 24 young (49152K), 2 survivors (4096K)
 Metaspace       used 26196K, committed 26432K, reserved 1073152K
  class space    used 2565K, committed 2688K, reserved 1048576K
GC Heap History (18 events):
Event: 1.233 GC heap before
{Heap before GC invocations=0 (full 0):
 garbage-first heap   total 196608K, used 12288K [0x0000000741800000, 0x0000000800000000)
  region size 2048K, 6 young (12288K), 0 survivors (0K)
 Metaspace       used 11114K, committed 11264K, reserved 1064960K
  class space    used 1006K, committed 1088K, reserved 1048576K
}
Event: 1.239 GC heap after
{Heap after GC invocations=1 (full 0):
 garbage-first heap   total 196608K, used 3118K [0x0000000741800000, 0x0000000800000000)
  region size 2048K, 1 young (2048K), 1 survivors (2048K)
 Metaspace       used 11114K, committed 11264K, reserved 1064960K
  class space    used 1006K, committed 1088K, reserved 1048576K
}
Event: 1.553 GC heap before
{Heap before GC invocations=1 (full 0):
 garbage-first heap   total 196608K, used 13358K [0x0000000741800000, 0x0000000800000000)
  region size 2048K, 6 young (12288K), 1 survivors (2048K)
 Metaspace       used 13434K, committed 13568K, reserved 1064960K
  class space    used 1299K, committed 1344K, reserved 1048576K
}
Event: 1.559 GC heap after
{Heap after GC invocations=2 (full 0):
 garbage-first heap   total 196608K, used 3819K [0x0000000741800000, 0x0000000800000000)
  region size 2048K, 1 young (2048K), 1 survivors (2048K)
 Metaspace       used 13434K, committed 13568K, reserved 1064960K
  class space    used 1299K, committed 1344K, reserved 1048576K
}
Event: 2.274 GC heap before
{Heap before GC invocations=2 (full 0):
 garbage-first heap   total 196608K, used 32491K [0x0000000741800000, 0x0000000800000000)
  region size 2048K, 15 young (30720K), 1 survivors (2048K)
 Metaspace       used 17073K, committed 17280K, reserved 1064960K
  class space    used 1740K, committed 1856K, reserved 1048576K
}
Event: 2.282 GC heap after
{Heap after GC invocations=3 (full 0):
 garbage-first heap   total 196608K, used 5036K [0x0000000741800000, 0x0000000800000000)
  region size 2048K, 1 young (2048K), 1 survivors (2048K)
 Metaspace       used 17073K, committed 17280K, reserved 1064960K
  class space    used 1740K, committed 1856K, reserved 1048576K
}
Event: 3.484 GC heap before
{Heap before GC invocations=3 (full 0):
 garbage-first heap   total 196608K, used 43948K [0x0000000741800000, 0x0000000800000000)
  region size 2048K, 21 young (43008K), 1 survivors (2048K)
 Metaspace       used 21123K, committed 21248K, reserved 1073152K
  class space    used 2165K, committed 2240K, reserved 1048576K
}
Event: 3.497 GC heap after
{Heap after GC invocations=4 (full 0):
 garbage-first heap   total 196608K, used 9913K [0x0000000741800000, 0x0000000800000000)
  region size 2048K, 4 young (8192K), 4 survivors (8192K)
 Metaspace       used 21123K, committed 21248K, reserved 1073152K
  class space    used 2165K, committed 2240K, reserved 1048576K
}
Event: 4.222 GC heap before
{Heap before GC invocations=5 (full 0):
 garbage-first heap   total 49152K, used 46777K [0x0000000741800000, 0x0000000800000000)
  region size 2048K, 22 young (45056K), 4 survivors (8192K)
 Metaspace       used 21684K, committed 21824K, reserved 1073152K
  class space    used 2192K, committed 2240K, reserved 1048576K
}
Event: 4.240 GC heap after
{Heap after GC invocations=6 (full 0):
 garbage-first heap   total 59392K, used 12415K [0x0000000741800000, 0x0000000800000000)
  region size 2048K, 5 young (10240K), 5 survivors (10240K)
 Metaspace       used 21684K, committed 21824K, reserved 1073152K
  class space    used 2192K, committed 2240K, reserved 1048576K
}
Event: 4.768 GC heap before
{Heap before GC invocations=6 (full 0):
 garbage-first heap   total 59392K, used 34943K [0x0000000741800000, 0x0000000800000000)
  region size 2048K, 17 young (34816K), 5 survivors (10240K)
 Metaspace       used 22429K, committed 22656K, reserved 1073152K
  class space    used 2265K, committed 2368K, reserved 1048576K
}
Event: 4.786 GC heap after
{Heap after GC invocations=7 (full 0):
 garbage-first heap   total 59392K, used 13475K [0x0000000741800000, 0x0000000800000000)
  region size 2048K, 2 young (4096K), 2 survivors (4096K)
 Metaspace       used 22429K, committed 22656K, reserved 1073152K
  class space    used 2265K, committed 2368K, reserved 1048576K
}
Event: 4.838 GC heap before
{Heap before GC invocations=7 (full 0):
 garbage-first heap   total 59392K, used 21667K [0x0000000741800000, 0x0000000800000000)
  region size 2048K, 3 young (6144K), 2 survivors (4096K)
 Metaspace       used 22885K, committed 23104K, reserved 1073152K
  class space    used 2299K, committed 2368K, reserved 1048576K
}
Event: 4.847 GC heap after
{Heap after GC invocations=8 (full 0):
 garbage-first heap   total 71680K, used 22473K [0x0000000741800000, 0x0000000800000000)
  region size 2048K, 1 young (2048K), 1 survivors (2048K)
 Metaspace       used 22885K, committed 23104K, reserved 1073152K
  class space    used 2299K, committed 2368K, reserved 1048576K
}
Event: 4.848 GC heap before
{Heap before GC invocations=8 (full 0):
 garbage-first heap   total 71680K, used 34761K [0x0000000741800000, 0x0000000800000000)
  region size 2048K, 2 young (4096K), 1 survivors (2048K)
 Metaspace       used 22885K, committed 23104K, reserved 1073152K
  class space    used 2299K, committed 2368K, reserved 1048576K
}
Event: 4.852 GC heap after
{Heap after GC invocations=9 (full 0):
 garbage-first heap   total 71680K, used 34744K [0x0000000741800000, 0x0000000800000000)
  region size 2048K, 1 young (2048K), 1 survivors (2048K)
 Metaspace       used 22885K, committed 23104K, reserved 1073152K
  class space    used 2299K, committed 2368K, reserved 1048576K
}
Event: 5.413 GC heap before
{Heap before GC invocations=10 (full 0):
 garbage-first heap   total 112640K, used 81848K [0x0000000741800000, 0x0000000800000000)
  region size 2048K, 10 young (20480K), 1 survivors (2048K)
 Metaspace       used 23793K, committed 24064K, reserved 1073152K
  class space    used 2358K, committed 2496K, reserved 1048576K
}
Event: 5.420 GC heap after
{Heap after GC invocations=11 (full 0):
 garbage-first heap   total 112640K, used 14806K [0x0000000741800000, 0x0000000800000000)
  region size 2048K, 2 young (4096K), 2 survivors (4096K)
 Metaspace       used 23793K, committed 24064K, reserved 1073152K
  class space    used 2358K, committed 2496K, reserved 1048576K
}

